/ihchomes/raasim/miniconda3/envs/venv/bin/python3.13: can't open file '/beacon-scratch/raasim/projects/vit_EMBED/train_dpo_qlora.py': [Errno 2] No such file or directory
/ihchomes/raasim/miniconda3/envs/venv/bin/python3.13: can't open file '/beacon-scratch/raasim/projects/vit_EMBED/train_dpo_qlora.py': [Errno 2] No such file or directory
E1216 11:32:25.637000 1073690 site-packages/torch/distributed/elastic/multiprocessing/api.py:874] failed (exitcode: 2) local_rank: 0 (pid: 1073696) of binary: /ihchomes/raasim/miniconda3/envs/venv/bin/python3.13
Traceback (most recent call last):
  File "/ihchomes/raasim/miniconda3/envs/venv/bin/torchrun", line 8, in <module>
    sys.exit(main())
             ~~~~^^
  File "/ihchomes/raasim/miniconda3/envs/venv/lib/python3.13/site-packages/torch/distributed/elastic/multiprocessing/errors/__init__.py", line 357, in wrapper
    return f(*args, **kwargs)
  File "/ihchomes/raasim/miniconda3/envs/venv/lib/python3.13/site-packages/torch/distributed/run.py", line 901, in main
    run(args)
    ~~~^^^^^^
  File "/ihchomes/raasim/miniconda3/envs/venv/lib/python3.13/site-packages/torch/distributed/run.py", line 892, in run
    elastic_launch(
    ~~~~~~~~~~~~~~~
        config=config,
        ~~~~~~~~~~~~~~
        entrypoint=cmd,
        ~~~~~~~~~~~~~~~
    )(*cmd_args)
    ~^^^^^^^^^^^
  File "/ihchomes/raasim/miniconda3/envs/venv/lib/python3.13/site-packages/torch/distributed/launcher/api.py", line 143, in __call__
    return launch_agent(self._config, self._entrypoint, list(args))
  File "/ihchomes/raasim/miniconda3/envs/venv/lib/python3.13/site-packages/torch/distributed/launcher/api.py", line 277, in launch_agent
    raise ChildFailedError(
    ...<2 lines>...
    )
torch.distributed.elastic.multiprocessing.errors.ChildFailedError: 
============================================================
train_dpo_qlora.py FAILED
------------------------------------------------------------
Failures:
[1]:
  time      : 2025-12-16_11:32:25
  host      : ada6compute00.ihc.umd.edu
  rank      : 1 (local_rank: 1)
  exitcode  : 2 (pid: 1073697)
  error_file: <N/A>
  traceback : To enable traceback see: https://pytorch.org/docs/stable/elastic/errors.html
------------------------------------------------------------
Root Cause (first observed failure):
[0]:
  time      : 2025-12-16_11:32:25
  host      : ada6compute00.ihc.umd.edu
  rank      : 0 (local_rank: 0)
  exitcode  : 2 (pid: 1073696)
  error_file: <N/A>
  traceback : To enable traceback see: https://pytorch.org/docs/stable/elastic/errors.html
============================================================
